Sender: LSF System <lsfadmin@ln03>
Subject: Job 13241893: <calculate_RMSD> in cluster <lila> Done

Job <calculate_RMSD> was submitted from host <lilac-ln02> by user <paynea> in cluster <lila> at Wed Dec 14 11:38:35 2022
Job was executed on host(s) <32*ln03>, in queue <cpuqueue>, as user <paynea> in cluster <lila> at Wed Dec 14 11:38:36 2022
</home/paynea> was used as the home directory.
</home/paynea/covid-moonshot-ml/cluster_scripts> was used as the working directory.
Started at Wed Dec 14 11:38:36 2022
Terminated at Wed Dec 14 11:38:40 2022
Results reported at Wed Dec 14 11:38:40 2022

Your job looked like:

------------------------------------------------------------
# LSBATCH: User input
#!/bin/bash
#BSUB -J calculate_RMSD
#BSUB -o log_files/calculate_RMSD_of_docked_ligands.out
#BSUB -e log_files/calculate_RMSD_of_docked_ligands.stderr
#BSUB -n 32
#BSUB -q cpuqueue
#BSUB -R rusage[mem=4]
#BSUB -W 1:00
source ~/.bashrc
conda activate mers-docking
python calculate_RMSD_of_docked_ligands.py \
-sdf /data/chodera/asap-datasets/retro_docking/sars_fragalysis_retrospective/20221208/combined.sdf \
-o /data/chodera/asap-datasets/retro_docking/sars_fragalysis_retrospective/20221208 \
-r '/data/chodera/asap-datasets/full_frag_prepped_mpro_12_2022/*/prepped_receptor_0.pdb' \
-n 32

echo Done
date
------------------------------------------------------------

Successfully completed.

Resource usage summary:

    CPU time :                                   0.57 sec.
    Max Memory :                                 -
    Average Memory :                             -
    Total Requested Memory :                     128.00 GB
    Delta Memory :                               -
    Max Swap :                                   -
    Max Processes :                              5
    Max Threads :                                6
    Run time :                                   6 sec.
    Turnaround time :                            5 sec.

The output (if any) follows:

Done
Wed Dec 14 11:38:40 EST 2022


PS:

Read file <log_files/calculate_RMSD_of_docked_ligands.stderr> for stderr output of this job.

Sender: LSF System <lsfadmin@ln01>
Subject: Job 13241896: <calculate_RMSD> in cluster <lila> Done

Job <calculate_RMSD> was submitted from host <lilac-ln02> by user <paynea> in cluster <lila> at Wed Dec 14 11:39:09 2022
Job was executed on host(s) <32*ln01>, in queue <cpuqueue>, as user <paynea> in cluster <lila> at Wed Dec 14 11:39:14 2022
</home/paynea> was used as the home directory.
</home/paynea/covid-moonshot-ml/cluster_scripts> was used as the working directory.
Started at Wed Dec 14 11:39:14 2022
Terminated at Wed Dec 14 11:39:17 2022
Results reported at Wed Dec 14 11:39:17 2022

Your job looked like:

------------------------------------------------------------
# LSBATCH: User input
#!/bin/bash
#BSUB -J calculate_RMSD
#BSUB -o log_files/calculate_RMSD_of_docked_ligands.out
#BSUB -e log_files/calculate_RMSD_of_docked_ligands.stderr
#BSUB -n 32
#BSUB -q cpuqueue
#BSUB -R rusage[mem=4]
#BSUB -W 1:00
source ~/.bashrc
conda activate mers-docking
python calculate_RMSD_of_docked_ligands.py \
-sdf /data/chodera/asap-datasets/retro_docking/sars_fragalysis_retrospective/20221208/combined.sdf \
-o /data/chodera/asap-datasets/retro_docking/sars_fragalysis_retrospective/20221208 \
-r '/data/chodera/asap-datasets/full_frag_prepped_mpro_12_2022/*/prepped_receptor_0.pdb' \
-n 32

echo Done
date
------------------------------------------------------------

Successfully completed.

Resource usage summary:

    CPU time :                                   0.89 sec.
    Max Memory :                                 -
    Average Memory :                             -
    Total Requested Memory :                     128.00 GB
    Delta Memory :                               -
    Max Swap :                                   -
    Max Processes :                              5
    Max Threads :                                6
    Run time :                                   3 sec.
    Turnaround time :                            8 sec.

The output (if any) follows:

Done
Wed Dec 14 11:39:17 EST 2022


PS:

Read file <log_files/calculate_RMSD_of_docked_ligands.stderr> for stderr output of this job.

Sender: LSF System <lsfadmin@ln03>
Subject: Job 13241898: <calculate_RMSD> in cluster <lila> Done

Job <calculate_RMSD> was submitted from host <lilac-ln02> by user <paynea> in cluster <lila> at Wed Dec 14 11:39:44 2022
Job was executed on host(s) <32*ln03>, in queue <cpuqueue>, as user <paynea> in cluster <lila> at Wed Dec 14 11:39:46 2022
</home/paynea> was used as the home directory.
</home/paynea/covid-moonshot-ml/cluster_scripts> was used as the working directory.
Started at Wed Dec 14 11:39:46 2022
Terminated at Wed Dec 14 11:39:47 2022
Results reported at Wed Dec 14 11:39:47 2022

Your job looked like:

------------------------------------------------------------
# LSBATCH: User input
#!/bin/bash
#BSUB -J calculate_RMSD
#BSUB -o log_files/calculate_RMSD_of_docked_ligands.out
#BSUB -e log_files/calculate_RMSD_of_docked_ligands.stderr
#BSUB -n 32
#BSUB -q cpuqueue
#BSUB -R rusage[mem=4]
#BSUB -W 1:00
source ~/.bashrc
conda activate mers-docking
python ~/covid-moonshot-ml/docking/scripts/calculate_RMSD_of_docked_ligands.py \
-sdf /data/chodera/asap-datasets/retro_docking/sars_fragalysis_retrospective/20221208/combined.sdf \
-o /data/chodera/asap-datasets/retro_docking/sars_fragalysis_retrospective/20221208 \
-r '/data/chodera/asap-datasets/full_frag_prepped_mpro_12_2022/*/prepped_receptor_0.pdb' \
-n 32

echo Done
date
------------------------------------------------------------

Successfully completed.

Resource usage summary:

    CPU time :                                   0.46 sec.
    Max Memory :                                 -
    Average Memory :                             -
    Total Requested Memory :                     128.00 GB
    Delta Memory :                               -
    Max Swap :                                   -
    Max Processes :                              5
    Max Threads :                                6
    Run time :                                   2 sec.
    Turnaround time :                            3 sec.

The output (if any) follows:

Done
Wed Dec 14 11:39:47 EST 2022


PS:

Read file <log_files/calculate_RMSD_of_docked_ligands.stderr> for stderr output of this job.

Sender: LSF System <lsfadmin@ln03>
Subject: Job 13241899: <calculate_RMSD> in cluster <lila> Exited

Job <calculate_RMSD> was submitted from host <lilac-ln02> by user <paynea> in cluster <lila> at Wed Dec 14 11:41:31 2022
Job was executed on host(s) <32*ln03>, in queue <cpuqueue>, as user <paynea> in cluster <lila> at Wed Dec 14 11:41:33 2022
</home/paynea> was used as the home directory.
</home/paynea/covid-moonshot-ml/cluster_scripts> was used as the working directory.
Started at Wed Dec 14 11:41:33 2022
Terminated at Wed Dec 14 12:41:34 2022
Results reported at Wed Dec 14 12:41:34 2022

Your job looked like:

------------------------------------------------------------
# LSBATCH: User input
#!/bin/bash
#BSUB -J calculate_RMSD
#BSUB -o log_files/calculate_RMSD_of_docked_ligands.out
#BSUB -e log_files/calculate_RMSD_of_docked_ligands.stderr
#BSUB -n 32
#BSUB -q cpuqueue
#BSUB -R rusage[mem=4]
#BSUB -W 1:00
source ~/.bashrc
conda activate mers-docking
python ~/covid-moonshot-ml/asapdiscovery/docking/scripts/calculate_RMSD_of_docked_ligands.py \
-sdf /data/chodera/asap-datasets/retro_docking/sars_fragalysis_retrospective/20221208/combined.sdf \
-o /data/chodera/asap-datasets/retro_docking/sars_fragalysis_retrospective/20221208 \
-r '/data/chodera/asap-datasets/full_frag_prepped_mpro_12_2022/*/prepped_receptor_0.pdb' \
-n 32

echo Done
date
------------------------------------------------------------

TERM_RUNLIMIT: job killed after reaching LSF run time limit.
Exited with exit code 140.

Resource usage summary:

    CPU time :                                   149.00 sec.
    Max Memory :                                 2 GB
    Average Memory :                             1.97 GB
    Total Requested Memory :                     128.00 GB
    Delta Memory :                               126.00 GB
    Max Swap :                                   -
    Max Processes :                              36
    Max Threads :                                48
    Run time :                                   3602 sec.
    Turnaround time :                            3603 sec.

The output (if any) follows:

Loading molecules from /data/chodera/asap-datasets/retro_docking/sars_fragalysis_retrospective/20221208/combined.sdf
Loaded 48180 molecules
Using 48180 compound ids to find reference structures
Loading reference PDBs
219 references found
Skipping missing reference structure: EDJ-MED-976a33d5-1
Skipping missing reference structure: EDJ-MED-976a33d5-1
Skipping missing reference structure: EDJ-MED-976a33d5-1
Skipping missing reference structure: EDJ-MED-976a33d5-1
Skipping missing reference structure: EDJ-MED-976a33d5-1
Skipping missing reference structure: EDJ-MED-976a33d5-1
Skipping missing reference structure: EDJ-MED-976a33d5-1
Skipping missing reference structure: EDJ-MED-976a33d5-1
Skipping missing reference structure: EDJ-MED-976a33d5-1
Skipping missing reference structure: EDJ-MED-976a33d5-1
Skipping missing reference structure: EDJ-MED-976a33d5-1
Skipping missing reference structure: EDJ-MED-976a33d5-1
Skipping missing reference structure: EDJ-MED-976a33d5-1
Skipping missing reference structure: EDJ-MED-976a33d5-1
Skipping missing reference structure: EDJ-MED-976a33d5-1
Skipping missing reference structure: EDJ-MED-976a33d5-1
Skipping missing reference structure: EDJ-MED-976a33d5-1
Skipping missing reference structure: EDJ-MED-976a33d5-1
Skipping missing reference structure: EDJ-MED-976a33d5-1
Skipping missing reference structure: EDJ-MED-976a33d5-1
Skipping missing reference structure: EDJ-MED-976a33d5-1
Skipping missing reference structure: EDJ-MED-976a33d5-1
Skipping missing reference structure: EDJ-MED-976a33d5-1
Skipping missing reference structure: EDJ-MED-976a33d5-1
Skipping missing reference structure: EDJ-MED-976a33d5-1
Skipping missing reference structure: EDJ-MED-976a33d5-1
Skipping missing reference structure: EDJ-MED-976a33d5-1
Skipping missing reference structure: EDJ-MED-976a33d5-1
Skipping missing reference structure: EDJ-MED-976a33d5-1
Skipping missing reference structure: EDJ-MED-976a33d5-1
Skipping missing reference structure: EDJ-MED-976a33d5-1
Skipping missing reference structure: EDJ-MED-976a33d5-1
Skipping missing reference structure: EDJ-MED-976a33d5-1
Skipping missing reference structure: EDJ-MED-976a33d5-1
Skipping missing reference structure: EDJ-MED-976a33d5-1
Skipping missing reference structure: EDJ-MED-976a33d5-1
Skipping missing reference structure: EDJ-MED-976a33d5-1
Skipping missing reference structure: EDJ-MED-976a33d5-1
Skipping missing reference structure: EDJ-MED-976a33d5-1
Skipping missing reference structure: EDJ-MED-976a33d5-1
Skipping missing reference structure: EDJ-MED-976a33d5-1
Skipping missing reference structure: EDJ-MED-976a33d5-1
Skipping missing reference structure: EDJ-MED-976a33d5-1
Skipping missing reference structure: EDJ-MED-976a33d5-1
Skipping missing reference structure: EDJ-MED-976a33d5-1
Skipping missing reference structure: EDJ-MED-976a33d5-1
Skipping missing reference structure: EDJ-MED-976a33d5-1
Skipping missing reference structure: EDJ-MED-976a33d5-1
Skipping missing reference structure: EDJ-MED-976a33d5-1
Skipping missing reference structure: EDJ-MED-976a33d5-1
Skipping missing reference structure: EDJ-MED-976a33d5-1
Skipping missing reference structure: EDJ-MED-976a33d5-1
Skipping missing reference structure: EDJ-MED-976a33d5-1
Skipping missing reference structure: EDJ-MED-976a33d5-1
Skipping missing reference structure: EDJ-MED-976a33d5-1
Skipping missing reference structure: EDJ-MED-976a33d5-1
Skipping missing reference structure: EDJ-MED-976a33d5-1
Skipping missing reference structure: EDJ-MED-976a33d5-1
Skipping missing reference structure: EDJ-MED-976a33d5-1
Skipping missing reference structure: EDJ-MED-976a33d5-1
Skipping missing reference structure: EDJ-MED-976a33d5-1
Skipping missing reference structure: EDJ-MED-976a33d5-1
Skipping missing reference structure: EDJ-MED-976a33d5-1
Skipping missing reference structure: EDJ-MED-976a33d5-1
Skipping missing reference structure: EDJ-MED-976a33d5-1
Skipping missing reference structure: EDJ-MED-976a33d5-1
Skipping missing reference structure: EDJ-MED-976a33d5-1
Skipping missing reference structure: EDJ-MED-976a33d5-1
Skipping missing reference structure: EDJ-MED-976a33d5-1
Skipping missing reference structure: EDJ-MED-976a33d5-1
Skipping missing reference structure: EDJ-MED-976a33d5-1
Skipping missing reference structure: EDJ-MED-976a33d5-1
Skipping missing reference structure: EDJ-MED-976a33d5-1
Skipping missing reference structure: EDJ-MED-976a33d5-1
Skipping missing reference structure: EDJ-MED-976a33d5-1
Skipping missing reference structure: EDJ-MED-976a33d5-1
Skipping missing reference structure: EDJ-MED-976a33d5-1
Skipping missing reference structure: EDJ-MED-976a33d5-1
Skipping missing reference structure: EDJ-MED-976a33d5-1
Skipping missing reference structure: EDJ-MED-976a33d5-1
Skipping missing reference structure: EDJ-MED-976a33d5-1
Skipping missing reference structure: EDJ-MED-976a33d5-1
Skipping missing reference structure: EDJ-MED-976a33d5-1
Skipping missing reference structure: EDJ-MED-976a33d5-1
Skipping missing reference structure: EDJ-MED-976a33d5-1
Skipping missing reference structure: EDJ-MED-976a33d5-1
Skipping missing reference structure: EDJ-MED-976a33d5-1
Skipping missing reference structure: EDJ-MED-976a33d5-1
Skipping missing reference structure: EDJ-MED-976a33d5-1
Skipping missing reference structure: EDJ-MED-976a33d5-1
Skipping missing reference structure: EDJ-MED-976a33d5-1
Skipping missing reference structure: EDJ-MED-976a33d5-1
Skipping missing reference structure: EDJ-MED-976a33d5-1
Skipping missing reference structure: EDJ-MED-976a33d5-1
Skipping missing reference structure: EDJ-MED-976a33d5-1
Skipping missing reference structure: EDJ-MED-976a33d5-1
Skipping missing reference structure: EDJ-MED-976a33d5-1
Skipping missing reference structure: EDJ-MED-976a33d5-1
Skipping missing reference structure: EDJ-MED-976a33d5-1
Skipping missing reference structure: EDJ-MED-976a33d5-1
Skipping missing reference structure: EDJ-MED-976a33d5-1
Skipping missing reference structure: EDJ-MED-976a33d5-1
Skipping missing reference structure: EDJ-MED-976a33d5-1
Skipping missing reference structure: EDJ-MED-976a33d5-1
Skipping missing reference structure: EDJ-MED-976a33d5-1
Skipping missing reference structure: EDJ-MED-976a33d5-1
Skipping missing reference structure: EDJ-MED-976a33d5-1
Skipping missing reference structure: EDJ-MED-976a33d5-1
Skipping missing reference structure: EDJ-MED-976a33d5-1
Skipping missing reference structure: EDJ-MED-976a33d5-1
Skipping missing reference structure: EDJ-MED-976a33d5-1
Skipping missing reference structure: EDJ-MED-976a33d5-1
Skipping missing reference structure: EDJ-MED-976a33d5-1
Skipping missing reference structure: EDJ-MED-976a33d5-1
Skipping missing reference structure: EDJ-MED-976a33d5-1
Skipping missing reference structure: EDJ-MED-976a33d5-1
Skipping missing reference structure: EDJ-MED-976a33d5-1
Skipping missing reference structure: EDJ-MED-976a33d5-1
Skipping missing reference structure: EDJ-MED-976a33d5-1
Skipping missing reference structure: EDJ-MED-976a33d5-1
Skipping missing reference structure: EDJ-MED-976a33d5-1
Skipping missing reference structure: EDJ-MED-976a33d5-1
Skipping missing reference structure: EDJ-MED-976a33d5-1
Skipping missing reference structure: EDJ-MED-976a33d5-1
Skipping missing reference structure: EDJ-MED-976a33d5-1
Skipping missing reference structure: EDJ-MED-976a33d5-1
Skipping missing reference structure: EDJ-MED-976a33d5-1
Skipping missing reference structure: EDJ-MED-976a33d5-1
Skipping missing reference structure: EDJ-MED-976a33d5-1
Skipping missing reference structure: EDJ-MED-976a33d5-1
Skipping missing reference structure: EDJ-MED-976a33d5-1
Skipping missing reference structure: EDJ-MED-976a33d5-1
Skipping missing reference structure: EDJ-MED-976a33d5-1
Skipping missing reference structure: EDJ-MED-976a33d5-1
Skipping missing reference structure: EDJ-MED-976a33d5-1
Skipping missing reference structure: EDJ-MED-976a33d5-1
Skipping missing reference structure: EDJ-MED-976a33d5-1
Skipping missing reference structure: EDJ-MED-976a33d5-1
Skipping missing reference structure: EDJ-MED-976a33d5-1
Skipping missing reference structure: EDJ-MED-976a33d5-1
Skipping missing reference structure: EDJ-MED-976a33d5-1
Skipping missing reference structure: EDJ-MED-976a33d5-1
Skipping missing reference structure: EDJ-MED-976a33d5-1
Skipping missing reference structure: EDJ-MED-976a33d5-1
Skipping missing reference structure: EDJ-MED-976a33d5-1
Skipping missing reference structure: EDJ-MED-976a33d5-1
Skipping missing reference structure: EDJ-MED-976a33d5-1
Skipping missing reference structure: EDJ-MED-976a33d5-1
Skipping missing reference structure: EDJ-MED-976a33d5-1
Skipping missing reference structure: EDJ-MED-976a33d5-1
Skipping missing reference structure: EDJ-MED-976a33d5-1
Skipping missing reference structure: EDJ-MED-976a33d5-1
Skipping missing reference structure: EDJ-MED-976a33d5-1
Skipping missing reference structure: EDJ-MED-976a33d5-1
Skipping missing reference structure: EDJ-MED-976a33d5-1
Skipping missing reference structure: EDJ-MED-976a33d5-1
Skipping missing reference structure: EDJ-MED-976a33d5-1
Skipping missing reference structure: EDJ-MED-976a33d5-1
Skipping missing reference structure: EDJ-MED-976a33d5-1
Skipping missing reference structure: EDJ-MED-976a33d5-1
Skipping missing reference structure: EDJ-MED-976a33d5-1
Skipping missing reference structure: EDJ-MED-976a33d5-1
Skipping missing reference structure: EDJ-MED-976a33d5-1
Skipping missing reference structure: EDJ-MED-976a33d5-1
Skipping missing reference structure: EDJ-MED-976a33d5-1
Skipping missing reference structure: EDJ-MED-976a33d5-1
Skipping missing reference structure: EDJ-MED-976a33d5-1
Skipping missing reference structure: EDJ-MED-976a33d5-1
Skipping missing reference structure: EDJ-MED-976a33d5-1
Skipping missing reference structure: EDJ-MED-976a33d5-1
Skipping missing reference structure: EDJ-MED-976a33d5-1
Skipping missing reference structure: EDJ-MED-976a33d5-1
Skipping missing reference structure: EDJ-MED-976a33d5-1
Skipping missing reference structure: EDJ-MED-976a33d5-1
Skipping missing reference structure: EDJ-MED-976a33d5-1
Skipping missing reference structure: EDJ-MED-976a33d5-1
Skipping missing reference structure: EDJ-MED-976a33d5-1
Skipping missing reference structure: EDJ-MED-976a33d5-1
Skipping missing reference structure: EDJ-MED-976a33d5-1
Skipping missing reference structure: EDJ-MED-976a33d5-1
Skipping missing reference structure: EDJ-MED-976a33d5-1
Skipping missing reference structure: EDJ-MED-976a33d5-1
Skipping missing reference structure: EDJ-MED-976a33d5-1
Skipping missing reference structure: EDJ-MED-976a33d5-1
Skipping missing reference structure: EDJ-MED-976a33d5-1
Skipping missing reference structure: EDJ-MED-976a33d5-1
Skipping missing reference structure: EDJ-MED-976a33d5-1
Skipping missing reference structure: EDJ-MED-976a33d5-1
Skipping missing reference structure: EDJ-MED-976a33d5-1
Skipping missing reference structure: EDJ-MED-976a33d5-1
Skipping missing reference structure: EDJ-MED-976a33d5-1
Skipping missing reference structure: EDJ-MED-976a33d5-1
Skipping missing reference structure: EDJ-MED-976a33d5-1
Skipping missing reference structure: EDJ-MED-976a33d5-1
Skipping missing reference structure: EDJ-MED-976a33d5-1
Skipping missing reference structure: EDJ-MED-976a33d5-1
Skipping missing reference structure: EDJ-MED-976a33d5-1
Skipping missing reference structure: EDJ-MED-976a33d5-1
Skipping missing reference structure: EDJ-MED-976a33d5-1
Skipping missing reference structure: EDJ-MED-976a33d5-1
Skipping missing reference structure: EDJ-MED-976a33d5-1
Skipping missing reference structure: EDJ-MED-976a33d5-1
Skipping missing reference structure: EDJ-MED-976a33d5-1
Skipping missing reference structure: EDJ-MED-976a33d5-1
Skipping missing reference structure: EDJ-MED-976a33d5-1
Skipping missing reference structure: EDJ-MED-976a33d5-1
Skipping missing reference structure: EDJ-MED-976a33d5-1
Skipping missing reference structure: EDJ-MED-976a33d5-1
Skipping missing reference structure: EDJ-MED-976a33d5-1
Skipping missing reference structure: EDJ-MED-976a33d5-1
Skipping missing reference structure: EDJ-MED-976a33d5-1
Skipping missing reference structure: EDJ-MED-976a33d5-1
Skipping missing reference structure: EDJ-MED-976a33d5-1
Skipping missing reference structure: EDJ-MED-976a33d5-1
Skipping missing reference structure: EDJ-MED-976a33d5-1
Skipping missing reference structure: EDJ-MED-976a33d5-1
Skipping missing reference structure: EDJ-MED-976a33d5-1
Skipping missing reference structure: EDJ-MED-976a33d5-1
Skipping missing reference structure: EDJ-MED-976a33d5-1
Running 47961 RMSD calculations over 32 cores.


PS:

Read file <log_files/calculate_RMSD_of_docked_ligands.stderr> for stderr output of this job.

Sender: LSF System <lsfadmin@ln04>
Subject: Job 13242323: <calculate_RMSD> in cluster <lila> Exited

Job <calculate_RMSD> was submitted from host <lilac-ln02> by user <paynea> in cluster <lila> at Wed Dec 14 13:04:41 2022
Job was executed on host(s) <32*ln04>, in queue <cpuqueue>, as user <paynea> in cluster <lila> at Wed Dec 14 13:04:42 2022
</home/paynea> was used as the home directory.
</home/paynea/covid-moonshot-ml/cluster_scripts> was used as the working directory.
Started at Wed Dec 14 13:04:42 2022
Terminated at Thu Dec 15 13:04:43 2022
Results reported at Thu Dec 15 13:04:43 2022

Your job looked like:

------------------------------------------------------------
# LSBATCH: User input
#!/bin/bash
#BSUB -J calculate_RMSD
#BSUB -o log_files/calculate_RMSD_of_docked_ligands.out
#BSUB -e log_files/calculate_RMSD_of_docked_ligands.stderr
#BSUB -n 32
#BSUB -q cpuqueue
#BSUB -R rusage[mem=4]
#BSUB -W 24:00
source ~/.bashrc
conda activate mers-docking
python ~/covid-moonshot-ml/asapdiscovery/docking/scripts/calculate_RMSD_of_docked_ligands.py \
-sdf /data/chodera/asap-datasets/retro_docking/sars_fragalysis_retrospective/20221208/combined.sdf \
-o /data/chodera/asap-datasets/retro_docking/sars_fragalysis_retrospective/20221208 \
-r '/data/chodera/asap-datasets/full_frag_prepped_mpro_12_2022/*/prepped_receptor_0.pdb' \
-n 32

echo Done
date

------------------------------------------------------------

TERM_RUNLIMIT: job killed after reaching LSF run time limit.
Exited with exit code 140.

Resource usage summary:

    CPU time :                                   245.00 sec.
    Max Memory :                                 2 GB
    Average Memory :                             2.00 GB
    Total Requested Memory :                     128.00 GB
    Delta Memory :                               126.00 GB
    Max Swap :                                   -
    Max Processes :                              36
    Max Threads :                                48
    Run time :                                   86402 sec.
    Turnaround time :                            86402 sec.

The output (if any) follows:

Loading molecules from /data/chodera/asap-datasets/retro_docking/sars_fragalysis_retrospective/20221208/combined.sdf
Loaded 48180 molecules
Using 48180 compound ids to find reference structures
Loading reference PDBs
219 references found
Skipping missing reference structure: EDJ-MED-976a33d5-1
Skipping missing reference structure: EDJ-MED-976a33d5-1
Skipping missing reference structure: EDJ-MED-976a33d5-1
Skipping missing reference structure: EDJ-MED-976a33d5-1
Skipping missing reference structure: EDJ-MED-976a33d5-1
Skipping missing reference structure: EDJ-MED-976a33d5-1
Skipping missing reference structure: EDJ-MED-976a33d5-1
Skipping missing reference structure: EDJ-MED-976a33d5-1
Skipping missing reference structure: EDJ-MED-976a33d5-1
Skipping missing reference structure: EDJ-MED-976a33d5-1
Skipping missing reference structure: EDJ-MED-976a33d5-1
Skipping missing reference structure: EDJ-MED-976a33d5-1
Skipping missing reference structure: EDJ-MED-976a33d5-1
Skipping missing reference structure: EDJ-MED-976a33d5-1
Skipping missing reference structure: EDJ-MED-976a33d5-1
Skipping missing reference structure: EDJ-MED-976a33d5-1
Skipping missing reference structure: EDJ-MED-976a33d5-1
Skipping missing reference structure: EDJ-MED-976a33d5-1
Skipping missing reference structure: EDJ-MED-976a33d5-1
Skipping missing reference structure: EDJ-MED-976a33d5-1
Skipping missing reference structure: EDJ-MED-976a33d5-1
Skipping missing reference structure: EDJ-MED-976a33d5-1
Skipping missing reference structure: EDJ-MED-976a33d5-1
Skipping missing reference structure: EDJ-MED-976a33d5-1
Skipping missing reference structure: EDJ-MED-976a33d5-1
Skipping missing reference structure: EDJ-MED-976a33d5-1
Skipping missing reference structure: EDJ-MED-976a33d5-1
Skipping missing reference structure: EDJ-MED-976a33d5-1
Skipping missing reference structure: EDJ-MED-976a33d5-1
Skipping missing reference structure: EDJ-MED-976a33d5-1
Skipping missing reference structure: EDJ-MED-976a33d5-1
Skipping missing reference structure: EDJ-MED-976a33d5-1
Skipping missing reference structure: EDJ-MED-976a33d5-1
Skipping missing reference structure: EDJ-MED-976a33d5-1
Skipping missing reference structure: EDJ-MED-976a33d5-1
Skipping missing reference structure: EDJ-MED-976a33d5-1
Skipping missing reference structure: EDJ-MED-976a33d5-1
Skipping missing reference structure: EDJ-MED-976a33d5-1
Skipping missing reference structure: EDJ-MED-976a33d5-1
Skipping missing reference structure: EDJ-MED-976a33d5-1
Skipping missing reference structure: EDJ-MED-976a33d5-1
Skipping missing reference structure: EDJ-MED-976a33d5-1
Skipping missing reference structure: EDJ-MED-976a33d5-1
Skipping missing reference structure: EDJ-MED-976a33d5-1
Skipping missing reference structure: EDJ-MED-976a33d5-1
Skipping missing reference structure: EDJ-MED-976a33d5-1
Skipping missing reference structure: EDJ-MED-976a33d5-1
Skipping missing reference structure: EDJ-MED-976a33d5-1
Skipping missing reference structure: EDJ-MED-976a33d5-1
Skipping missing reference structure: EDJ-MED-976a33d5-1
Skipping missing reference structure: EDJ-MED-976a33d5-1
Skipping missing reference structure: EDJ-MED-976a33d5-1
Skipping missing reference structure: EDJ-MED-976a33d5-1
Skipping missing reference structure: EDJ-MED-976a33d5-1
Skipping missing reference structure: EDJ-MED-976a33d5-1
Skipping missing reference structure: EDJ-MED-976a33d5-1
Skipping missing reference structure: EDJ-MED-976a33d5-1
Skipping missing reference structure: EDJ-MED-976a33d5-1
Skipping missing reference structure: EDJ-MED-976a33d5-1
Skipping missing reference structure: EDJ-MED-976a33d5-1
Skipping missing reference structure: EDJ-MED-976a33d5-1
Skipping missing reference structure: EDJ-MED-976a33d5-1
Skipping missing reference structure: EDJ-MED-976a33d5-1
Skipping missing reference structure: EDJ-MED-976a33d5-1
Skipping missing reference structure: EDJ-MED-976a33d5-1
Skipping missing reference structure: EDJ-MED-976a33d5-1
Skipping missing reference structure: EDJ-MED-976a33d5-1
Skipping missing reference structure: EDJ-MED-976a33d5-1
Skipping missing reference structure: EDJ-MED-976a33d5-1
Skipping missing reference structure: EDJ-MED-976a33d5-1
Skipping missing reference structure: EDJ-MED-976a33d5-1
Skipping missing reference structure: EDJ-MED-976a33d5-1
Skipping missing reference structure: EDJ-MED-976a33d5-1
Skipping missing reference structure: EDJ-MED-976a33d5-1
Skipping missing reference structure: EDJ-MED-976a33d5-1
Skipping missing reference structure: EDJ-MED-976a33d5-1
Skipping missing reference structure: EDJ-MED-976a33d5-1
Skipping missing reference structure: EDJ-MED-976a33d5-1
Skipping missing reference structure: EDJ-MED-976a33d5-1
Skipping missing reference structure: EDJ-MED-976a33d5-1
Skipping missing reference structure: EDJ-MED-976a33d5-1
Skipping missing reference structure: EDJ-MED-976a33d5-1
Skipping missing reference structure: EDJ-MED-976a33d5-1
Skipping missing reference structure: EDJ-MED-976a33d5-1
Skipping missing reference structure: EDJ-MED-976a33d5-1
Skipping missing reference structure: EDJ-MED-976a33d5-1
Skipping missing reference structure: EDJ-MED-976a33d5-1
Skipping missing reference structure: EDJ-MED-976a33d5-1
Skipping missing reference structure: EDJ-MED-976a33d5-1
Skipping missing reference structure: EDJ-MED-976a33d5-1
Skipping missing reference structure: EDJ-MED-976a33d5-1
Skipping missing reference structure: EDJ-MED-976a33d5-1
Skipping missing reference structure: EDJ-MED-976a33d5-1
Skipping missing reference structure: EDJ-MED-976a33d5-1
Skipping missing reference structure: EDJ-MED-976a33d5-1
Skipping missing reference structure: EDJ-MED-976a33d5-1
Skipping missing reference structure: EDJ-MED-976a33d5-1
Skipping missing reference structure: EDJ-MED-976a33d5-1
Skipping missing reference structure: EDJ-MED-976a33d5-1
Skipping missing reference structure: EDJ-MED-976a33d5-1
Skipping missing reference structure: EDJ-MED-976a33d5-1
Skipping missing reference structure: EDJ-MED-976a33d5-1
Skipping missing reference structure: EDJ-MED-976a33d5-1
Skipping missing reference structure: EDJ-MED-976a33d5-1
Skipping missing reference structure: EDJ-MED-976a33d5-1
Skipping missing reference structure: EDJ-MED-976a33d5-1
Skipping missing reference structure: EDJ-MED-976a33d5-1
Skipping missing reference structure: EDJ-MED-976a33d5-1
Skipping missing reference structure: EDJ-MED-976a33d5-1
Skipping missing reference structure: EDJ-MED-976a33d5-1
Skipping missing reference structure: EDJ-MED-976a33d5-1
Skipping missing reference structure: EDJ-MED-976a33d5-1
Skipping missing reference structure: EDJ-MED-976a33d5-1
Skipping missing reference structure: EDJ-MED-976a33d5-1
Skipping missing reference structure: EDJ-MED-976a33d5-1
Skipping missing reference structure: EDJ-MED-976a33d5-1
Skipping missing reference structure: EDJ-MED-976a33d5-1
Skipping missing reference structure: EDJ-MED-976a33d5-1
Skipping missing reference structure: EDJ-MED-976a33d5-1
Skipping missing reference structure: EDJ-MED-976a33d5-1
Skipping missing reference structure: EDJ-MED-976a33d5-1
Skipping missing reference structure: EDJ-MED-976a33d5-1
Skipping missing reference structure: EDJ-MED-976a33d5-1
Skipping missing reference structure: EDJ-MED-976a33d5-1
Skipping missing reference structure: EDJ-MED-976a33d5-1
Skipping missing reference structure: EDJ-MED-976a33d5-1
Skipping missing reference structure: EDJ-MED-976a33d5-1
Skipping missing reference structure: EDJ-MED-976a33d5-1
Skipping missing reference structure: EDJ-MED-976a33d5-1
Skipping missing reference structure: EDJ-MED-976a33d5-1
Skipping missing reference structure: EDJ-MED-976a33d5-1
Skipping missing reference structure: EDJ-MED-976a33d5-1
Skipping missing reference structure: EDJ-MED-976a33d5-1
Skipping missing reference structure: EDJ-MED-976a33d5-1
Skipping missing reference structure: EDJ-MED-976a33d5-1
Skipping missing reference structure: EDJ-MED-976a33d5-1
Skipping missing reference structure: EDJ-MED-976a33d5-1
Skipping missing reference structure: EDJ-MED-976a33d5-1
Skipping missing reference structure: EDJ-MED-976a33d5-1
Skipping missing reference structure: EDJ-MED-976a33d5-1
Skipping missing reference structure: EDJ-MED-976a33d5-1
Skipping missing reference structure: EDJ-MED-976a33d5-1
Skipping missing reference structure: EDJ-MED-976a33d5-1
Skipping missing reference structure: EDJ-MED-976a33d5-1
Skipping missing reference structure: EDJ-MED-976a33d5-1
Skipping missing reference structure: EDJ-MED-976a33d5-1
Skipping missing reference structure: EDJ-MED-976a33d5-1
Skipping missing reference structure: EDJ-MED-976a33d5-1
Skipping missing reference structure: EDJ-MED-976a33d5-1
Skipping missing reference structure: EDJ-MED-976a33d5-1
Skipping missing reference structure: EDJ-MED-976a33d5-1
Skipping missing reference structure: EDJ-MED-976a33d5-1
Skipping missing reference structure: EDJ-MED-976a33d5-1
Skipping missing reference structure: EDJ-MED-976a33d5-1
Skipping missing reference structure: EDJ-MED-976a33d5-1
Skipping missing reference structure: EDJ-MED-976a33d5-1
Skipping missing reference structure: EDJ-MED-976a33d5-1
Skipping missing reference structure: EDJ-MED-976a33d5-1
Skipping missing reference structure: EDJ-MED-976a33d5-1
Skipping missing reference structure: EDJ-MED-976a33d5-1
Skipping missing reference structure: EDJ-MED-976a33d5-1
Skipping missing reference structure: EDJ-MED-976a33d5-1
Skipping missing reference structure: EDJ-MED-976a33d5-1
Skipping missing reference structure: EDJ-MED-976a33d5-1
Skipping missing reference structure: EDJ-MED-976a33d5-1
Skipping missing reference structure: EDJ-MED-976a33d5-1
Skipping missing reference structure: EDJ-MED-976a33d5-1
Skipping missing reference structure: EDJ-MED-976a33d5-1
Skipping missing reference structure: EDJ-MED-976a33d5-1
Skipping missing reference structure: EDJ-MED-976a33d5-1
Skipping missing reference structure: EDJ-MED-976a33d5-1
Skipping missing reference structure: EDJ-MED-976a33d5-1
Skipping missing reference structure: EDJ-MED-976a33d5-1
Skipping missing reference structure: EDJ-MED-976a33d5-1
Skipping missing reference structure: EDJ-MED-976a33d5-1
Skipping missing reference structure: EDJ-MED-976a33d5-1
Skipping missing reference structure: EDJ-MED-976a33d5-1
Skipping missing reference structure: EDJ-MED-976a33d5-1
Skipping missing reference structure: EDJ-MED-976a33d5-1
Skipping missing reference structure: EDJ-MED-976a33d5-1
Skipping missing reference structure: EDJ-MED-976a33d5-1
Skipping missing reference structure: EDJ-MED-976a33d5-1
Skipping missing reference structure: EDJ-MED-976a33d5-1
Skipping missing reference structure: EDJ-MED-976a33d5-1
Skipping missing reference structure: EDJ-MED-976a33d5-1
Skipping missing reference structure: EDJ-MED-976a33d5-1
Skipping missing reference structure: EDJ-MED-976a33d5-1
Skipping missing reference structure: EDJ-MED-976a33d5-1
Skipping missing reference structure: EDJ-MED-976a33d5-1
Skipping missing reference structure: EDJ-MED-976a33d5-1
Skipping missing reference structure: EDJ-MED-976a33d5-1
Skipping missing reference structure: EDJ-MED-976a33d5-1
Skipping missing reference structure: EDJ-MED-976a33d5-1
Skipping missing reference structure: EDJ-MED-976a33d5-1
Skipping missing reference structure: EDJ-MED-976a33d5-1
Skipping missing reference structure: EDJ-MED-976a33d5-1
Skipping missing reference structure: EDJ-MED-976a33d5-1
Skipping missing reference structure: EDJ-MED-976a33d5-1
Skipping missing reference structure: EDJ-MED-976a33d5-1
Skipping missing reference structure: EDJ-MED-976a33d5-1
Skipping missing reference structure: EDJ-MED-976a33d5-1
Skipping missing reference structure: EDJ-MED-976a33d5-1
Skipping missing reference structure: EDJ-MED-976a33d5-1
Skipping missing reference structure: EDJ-MED-976a33d5-1
Skipping missing reference structure: EDJ-MED-976a33d5-1
Skipping missing reference structure: EDJ-MED-976a33d5-1
Skipping missing reference structure: EDJ-MED-976a33d5-1
Skipping missing reference structure: EDJ-MED-976a33d5-1
Skipping missing reference structure: EDJ-MED-976a33d5-1
Skipping missing reference structure: EDJ-MED-976a33d5-1
Skipping missing reference structure: EDJ-MED-976a33d5-1
Skipping missing reference structure: EDJ-MED-976a33d5-1
Skipping missing reference structure: EDJ-MED-976a33d5-1
Skipping missing reference structure: EDJ-MED-976a33d5-1
Skipping missing reference structure: EDJ-MED-976a33d5-1
Skipping missing reference structure: EDJ-MED-976a33d5-1
Skipping missing reference structure: EDJ-MED-976a33d5-1
Skipping missing reference structure: EDJ-MED-976a33d5-1
Skipping missing reference structure: EDJ-MED-976a33d5-1
Running 47961 RMSD calculations over 32 cores.


PS:

Read file <log_files/calculate_RMSD_of_docked_ligands.stderr> for stderr output of this job.

