2826 records read
Dropping NaNs...
1993 records remain
Keeping best measurements for each molecules, sorting by curve class and then 95% pIC50 width
Resulting measurements
                     Molecule Name  ... EXP_BINDING_AFFINITY_IN_KCAL_PER_MOL_95%CI_HIGH
Canonical PostEra ID                ...                                                
DRR-IMP-dff87f5e-9     CVD-0020484  ...                                       -6.037072
DRR-IMP-dff87f5e-8     CVD-0020483  ...                                       -7.793542
DRR-IMP-dff87f5e-7     CVD-0020482  ...                                       -6.571118
DRR-IMP-dff87f5e-6     CVD-0020481  ...                                       -6.537437
DRR-IMP-dff87f5e-4     CVD-0020480  ...                                       -8.860916
...                            ...  ...                                             ...
DAN-LON-a5fc619e-8     CVD-0000654  ...                                       -7.537180
DAN-LON-a5fc619e-3     CVD-0000649  ...                                       -8.293875
CHR-SOS-7098f804-14    CVD-0000590  ...                                       -5.904435
CHR-SOS-7098f804-10    CVD-0000586  ...                                       -6.229446
AGN-NEW-891393a6-1     CVD-0000033  ...                                       -7.003321

[1177 rows x 18 columns]
1177 records remain
Keeping best measurements for each molecules, sorting by curve class and then 95% pIC50 width
Resulting measurements
                     Molecule Name  ... EXP_BINDING_AFFINITY_IN_KCAL_PER_MOL_95%CI_HIGH
Canonical PostEra ID                ...                                                
inserted_ID_0          CVD-0020651  ...                                       -8.747938
inserted_ID_1          CVD-0020650  ...                                       -8.130712
inserted_ID_2          CVD-0020649  ...                                       -6.320497
inserted_ID_3          CVD-0020648  ...                                       -7.521676
inserted_ID_4          CVD-0020647  ...                                       -7.811978
...                            ...  ...                                             ...
CHR-SOS-7098f804-14    CVD-0000590  ...                                       -5.904435
CHR-SOS-7098f804-10    CVD-0000586  ...                                       -6.229446
DAR-DIA-fb20be43-4     CVD-0000464  ...                                       -7.436308
BAR-COM-4e090d3a-6     CVD-0000282  ...                                       -5.969142
AGN-NEW-891393a6-1     CVD-0000033  ...                                       -7.003321

[2494 rows x 18 columns]
2494 records remain
